<?xml version="1.0" encoding="UTF-8"?>
<!-- Generated by org.testng.reporters.JUnitReportReporter -->
<testsuite hostname="DESKTOP-UO09EH4" failures="0" tests="4" name="org.maya.ExcelDriven.DataProviderTest" time="0.040" errors="0" timestamp="2024-03-05T21:07:14 IST" skipped="0">
  <testcase classname="org.maya.ExcelDriven.DataProviderTest" name="Test1" time="0.009"/>
  <testcase classname="org.maya.ExcelDriven.DataProviderTest" name="Test1" time="0.014"/>
  <testcase classname="org.maya.ExcelDriven.DataProviderTest" name="Test1" time="0.008"/>
  <testcase classname="org.maya.ExcelDriven.DataProviderTest" name="Test1" time="0.009"/>
</testsuite> <!-- org.maya.ExcelDriven.DataProviderTest -->
